\BOOKMARK [1][-]{section.1}{\376\377\000V\000o\000o\000r\000w\000o\000o\000r\000d}{}% 1
\BOOKMARK [1][-]{section.2}{\376\377\000C\000o\000n\000t\000e\000x\000t}{}% 2
\BOOKMARK [2][-]{subsection.2.1}{\376\377\000H\000e\000t\000\040\000b\000e\000d\000r\000i\000j\000f}{section.2}% 3
\BOOKMARK [2][-]{subsection.2.2}{\376\377\000O\000p\000d\000r\000a\000c\000h\000t}{section.2}% 4
\BOOKMARK [2][-]{subsection.2.3}{\376\377\000S\000c\000o\000p\000e}{section.2}% 5
\BOOKMARK [2][-]{subsection.2.4}{\376\377\000R\000e\000q\000u\000i\000r\000e\000m\000e\000n\000t\000s}{section.2}% 6
\BOOKMARK [3][-]{subsubsection.2.4.1}{\376\377\000D\000e\000\040\000k\000o\000p\000\040\000v\000a\000n\000\040\000d\000e\000\040\000m\000a\000c\000h\000i\000n\000e\000\040\000m\000o\000e\000t\000\040\000o\000v\000e\000r\000\040\000d\000r\000i\000e\000\040\000b\000e\000w\000e\000g\000i\000n\000g\000s\000a\000s\000s\000e\000n\000\040\000b\000e\000w\000e\000g\000e\000n\000.}{subsection.2.4}% 7
\BOOKMARK [3][-]{subsubsection.2.4.2}{\376\377\000D\000e\000\040\000k\000o\000p\000\040\000k\000a\000n\000\040\000m\000a\000t\000e\000r\000i\000a\000a\000l\000\040\000v\000e\000r\000w\000i\000j\000d\000e\000r\000e\000n}{subsection.2.4}% 8
\BOOKMARK [3][-]{subsubsection.2.4.3}{\376\377\000D\000e\000\040\000p\000o\000s\000i\000t\000i\000e\000\040\000v\000a\000n\000\040\000d\000e\000\040\000k\000o\000p\000\040\000w\000o\000r\000d\000t\000\040\000b\000e\000p\000a\000a\000l\000d\000\040\000d\000o\000o\000r\000\040\000s\000e\000n\000s\000o\000r\000e\000n\000.}{subsection.2.4}% 9
\BOOKMARK [3][-]{subsubsection.2.4.4}{\376\377\000E\000r\000\040\000k\000a\000n\000\040\000g\000-\000c\000o\000d\000e\000\040\000w\000o\000r\000d\000e\000n\000\040\000u\000i\000t\000g\000e\000v\000o\000e\000r\000d\000\040\000m\000e\000t\000\040\000d\000e\000\040\000m\000a\000c\000h\000i\000n\000e\000.}{subsection.2.4}% 10
\BOOKMARK [3][-]{subsubsection.2.4.5}{\376\377\000D\000e\000\040\000c\000o\000d\000e\000\040\000m\000o\000e\000t\000\040\000m\000o\000d\000u\000l\000a\000i\000r\000\040\000z\000i\000j\000n}{subsection.2.4}% 11
\BOOKMARK [3][-]{subsubsection.2.4.6}{\376\377\000D\000e\000\040\000k\000o\000p\000\040\000v\000a\000n\000\040\000d\000e\000\040\000m\000a\000c\000h\000i\000n\000e\000\040\000m\000o\000e\000t\000\040\000o\000v\000e\000r\000\040\000t\000w\000e\000e\000\040\000r\000o\000t\000a\000t\000i\000e\000\040\000a\000s\000s\000e\000n\000\040\000b\000e\000w\000e\000g\000e\000n}{subsection.2.4}% 12
\BOOKMARK [1][-]{section.3}{\376\377\000S\000t\000a\000k\000e\000h\000o\000l\000d\000e\000r\000s}{}% 13
\BOOKMARK [2][-]{subsection.3.1}{\376\377\000G\000e\000e\000r\000t\000\040\000M\000o\000s\000t\000e\000r\000d\000i\000j\000k}{section.3}% 14
\BOOKMARK [2][-]{subsection.3.2}{\376\377\000P\000.\000G\000.\000M\000.\000\040\000v\000a\000n\000\040\000d\000e\000r\000\040\000K\000l\000u\000g\000t}{section.3}% 15
\BOOKMARK [2][-]{subsection.3.3}{\376\377\000M\000e\000d\000e\000w\000e\000r\000k\000e\000r\000s}{section.3}% 16
\BOOKMARK [2][-]{subsection.3.4}{\376\377\000C\000o\000E\000\040\000H\000R\000T\000e\000c\000h}{section.3}% 17
\BOOKMARK [1][-]{section.4}{\376\377\000A\000n\000a\000l\000y\000s\000e}{}% 18
\BOOKMARK [2][-]{subsection.4.1}{\376\377\000C\000l\000o\000s\000e\000d\000\040\000l\000o\000o\000p}{section.4}% 19
\BOOKMARK [2][-]{subsection.4.2}{\376\377\000E\000n\000c\000o\000d\000e\000r\000s}{section.4}% 20
\BOOKMARK [3][-]{subsubsection.4.2.1}{\376\377\000I\000n\000c\000r\000e\000m\000e\000n\000t\000e\000l\000e\000\040\000e\000n\000c\000o\000d\000e\000r}{subsection.4.2}% 21
\BOOKMARK [3][-]{subsubsection.4.2.2}{\376\377\000A\000b\000s\000o\000l\000u\000t\000e\000\040\000e\000n\000c\000o\000d\000e\000r}{subsection.4.2}% 22
\BOOKMARK [3][-]{subsubsection.4.2.3}{\376\377\000L\000i\000n\000e\000a\000i\000r\000e\000\040\000e\000n\000c\000o\000d\000e\000r}{subsection.4.2}% 23
\BOOKMARK [1][-]{section.5}{\376\377\000O\000n\000t\000w\000e\000r\000p\000e\000n}{}% 24
\BOOKMARK [2][-]{subsection.5.1}{\376\377\000T\000e\000k\000e\000n\000i\000n\000g\000e\000n\000\040\000e\000n\000\040\000d\000i\000a\000g\000r\000a\000m\000m\000e\000n}{section.5}% 25
\BOOKMARK [1][-]{section.6}{\376\377\000T\000e\000s\000t\000\040\000R\000a\000p\000p\000o\000r\000t}{}% 26
\BOOKMARK [2][-]{subsection.6.1}{\376\377\000D\000e\000\040\000k\000o\000p\000\040\000v\000a\000n\000\040\000d\000e\000\040\000m\000a\000c\000h\000i\000n\000e\000\040\000m\000o\000e\000t\000\040\000o\000v\000e\000r\000\040\000d\000r\000i\000e\000\040\000a\000s\000s\000e\000n\000\040\000b\000e\000w\000e\000g\000e\000n}{section.6}% 27
\BOOKMARK [3][-]{subsubsection.6.1.1}{\376\377\000A\000c\000c\000e\000p\000t\000a\000t\000i\000e\000c\000r\000i\000t\000e\000r\000i\000a\000:}{subsection.6.1}% 28
\BOOKMARK [3][-]{subsubsection.6.1.2}{\376\377\000T\000e\000s\000t\000o\000p\000s\000t\000e\000l\000l\000i\000n\000g}{subsection.6.1}% 29
\BOOKMARK [3][-]{subsubsection.6.1.3}{\376\377\000I\000n\000s\000t\000r\000u\000c\000t\000i\000e\000s}{subsection.6.1}% 30
\BOOKMARK [3][-]{subsubsection.6.1.4}{\376\377\000V\000e\000r\000w\000a\000c\000h\000t\000\040\000r\000e\000s\000u\000l\000t\000a\000a\000t}{subsection.6.1}% 31
\BOOKMARK [3][-]{subsubsection.6.1.5}{\376\377\000W\000a\000a\000r\000n\000e\000m\000i\000n\000g\000e\000n}{subsection.6.1}% 32
\BOOKMARK [1][-]{section.7}{\376\377\000A\000a\000n\000b\000e\000v\000e\000l\000i\000n\000g\000e\000n}{}% 33
\BOOKMARK [1][-]{section.8}{\376\377\000B\000r\000o\000n\000n\000e\000n}{}% 34
\BOOKMARK [1][-]{section.9}{\376\377\000B\000i\000j\000l\000a\000g\000e\000n}{}% 35
\BOOKMARK [2][-]{subsection.9.1}{\376\377\000B\000i\000j\000l\000a\000g\000e\000\040\000t\000e\000s\000t\000\040\000c\000o\000d\000e}{section.9}% 36
\BOOKMARK [1][-]{section.10}{\376\377\000C\000h\000a\000n\000g\000e\000l\000o\000g}{}% 37
